{"/home/renato/Documentos/projetos/Clean node api/src/presentation/helpers/http-response.js": {"path":"/home/renato/Documentos/projetos/Clean node api/src/presentation/helpers/http-response.js","all":false,"statementMap":{"0":{"start":{"line":1,"column":0},"end":{"line":1,"column":58}},"1":{"start":{"line":2,"column":0},"end":{"line":2,"column":57}},"2":{"start":{"line":3,"column":0},"end":{"line":3,"column":0}},"3":{"start":{"line":4,"column":0},"end":{"line":4,"column":37}},"4":{"start":{"line":5,"column":0},"end":{"line":5,"column":35}},"5":{"start":{"line":6,"column":0},"end":{"line":6,"column":16}},"6":{"start":{"line":7,"column":0},"end":{"line":7,"column":28}},"7":{"start":{"line":8,"column":0},"end":{"line":8,"column":50}},"8":{"start":{"line":9,"column":0},"end":{"line":9,"column":9}},"9":{"start":{"line":10,"column":0},"end":{"line":10,"column":5}},"10":{"start":{"line":11,"column":0},"end":{"line":11,"column":27}},"11":{"start":{"line":12,"column":0},"end":{"line":12,"column":16}},"12":{"start":{"line":13,"column":0},"end":{"line":13,"column":27}},"13":{"start":{"line":14,"column":0},"end":{"line":14,"column":9}},"14":{"start":{"line":15,"column":0},"end":{"line":15,"column":5}},"15":{"start":{"line":16,"column":0},"end":{"line":16,"column":33}},"16":{"start":{"line":17,"column":0},"end":{"line":17,"column":16}},"17":{"start":{"line":18,"column":0},"end":{"line":18,"column":28}},"18":{"start":{"line":19,"column":0},"end":{"line":19,"column":41}},"19":{"start":{"line":20,"column":0},"end":{"line":20,"column":9}},"20":{"start":{"line":21,"column":0},"end":{"line":21,"column":5}},"21":{"start":{"line":22,"column":0},"end":{"line":22,"column":1}}},"s":{"0":1,"1":1,"2":1,"3":1,"4":1,"5":2,"6":2,"7":2,"8":2,"9":2,"10":1,"11":4,"12":4,"13":4,"14":4,"15":1,"16":2,"17":2,"18":2,"19":2,"20":2,"21":1},"branchMap":{"0":{"type":"branch","line":5,"loc":{"start":{"line":5,"column":11},"end":{"line":10,"column":5}},"locations":[{"start":{"line":5,"column":11},"end":{"line":10,"column":5}}]},"1":{"type":"branch","line":11,"loc":{"start":{"line":11,"column":11},"end":{"line":15,"column":5}},"locations":[{"start":{"line":11,"column":11},"end":{"line":15,"column":5}}]},"2":{"type":"branch","line":16,"loc":{"start":{"line":16,"column":11},"end":{"line":21,"column":5}},"locations":[{"start":{"line":16,"column":11},"end":{"line":21,"column":5}}]}},"b":{"0":[2],"1":[4],"2":[2]},"fnMap":{"0":{"name":"badRequest","decl":{"start":{"line":5,"column":11},"end":{"line":10,"column":5}},"loc":{"start":{"line":5,"column":11},"end":{"line":10,"column":5}},"line":5},"1":{"name":"serverError","decl":{"start":{"line":11,"column":11},"end":{"line":15,"column":5}},"loc":{"start":{"line":11,"column":11},"end":{"line":15,"column":5}},"line":11},"2":{"name":"unauthorizedError","decl":{"start":{"line":16,"column":11},"end":{"line":21,"column":5}},"loc":{"start":{"line":16,"column":11},"end":{"line":21,"column":5}},"line":16}},"f":{"0":2,"1":4,"2":2}}
,"/home/renato/Documentos/projetos/Clean node api/src/presentation/helpers/missing-param-error.js": {"path":"/home/renato/Documentos/projetos/Clean node api/src/presentation/helpers/missing-param-error.js","all":false,"statementMap":{"0":{"start":{"line":1,"column":0},"end":{"line":1,"column":56}},"1":{"start":{"line":2,"column":0},"end":{"line":2,"column":29}},"2":{"start":{"line":3,"column":0},"end":{"line":3,"column":44}},"3":{"start":{"line":4,"column":0},"end":{"line":4,"column":39}},"4":{"start":{"line":5,"column":0},"end":{"line":5,"column":5}},"5":{"start":{"line":6,"column":0},"end":{"line":6,"column":1}}},"s":{"0":1,"1":1,"2":4,"3":4,"4":4,"5":1},"branchMap":{"0":{"type":"branch","line":2,"loc":{"start":{"line":2,"column":4},"end":{"line":5,"column":5}},"locations":[{"start":{"line":2,"column":4},"end":{"line":5,"column":5}}]}},"b":{"0":[4]},"fnMap":{"0":{"name":"MissingParamError","decl":{"start":{"line":2,"column":4},"end":{"line":5,"column":5}},"loc":{"start":{"line":2,"column":4},"end":{"line":5,"column":5}},"line":2}},"f":{"0":4}}
,"/home/renato/Documentos/projetos/Clean node api/src/presentation/helpers/unauthorized-error.js": {"path":"/home/renato/Documentos/projetos/Clean node api/src/presentation/helpers/unauthorized-error.js","all":false,"statementMap":{"0":{"start":{"line":1,"column":0},"end":{"line":1,"column":56}},"1":{"start":{"line":2,"column":0},"end":{"line":2,"column":29}},"2":{"start":{"line":3,"column":0},"end":{"line":3,"column":29}},"3":{"start":{"line":4,"column":0},"end":{"line":4,"column":39}},"4":{"start":{"line":5,"column":0},"end":{"line":5,"column":5}},"5":{"start":{"line":6,"column":0},"end":{"line":6,"column":1}}},"s":{"0":1,"1":1,"2":3,"3":3,"4":3,"5":1},"branchMap":{"0":{"type":"branch","line":2,"loc":{"start":{"line":2,"column":4},"end":{"line":5,"column":5}},"locations":[{"start":{"line":2,"column":4},"end":{"line":5,"column":5}}]}},"b":{"0":[3]},"fnMap":{"0":{"name":"UnauthorizedError","decl":{"start":{"line":2,"column":4},"end":{"line":5,"column":5}},"loc":{"start":{"line":2,"column":4},"end":{"line":5,"column":5}},"line":2}},"f":{"0":3}}
,"/home/renato/Documentos/projetos/Clean node api/src/presentation/routers/login-router.js": {"path":"/home/renato/Documentos/projetos/Clean node api/src/presentation/routers/login-router.js","all":false,"statementMap":{"0":{"start":{"line":1,"column":0},"end":{"line":1,"column":56}},"1":{"start":{"line":2,"column":0},"end":{"line":2,"column":0}},"2":{"start":{"line":3,"column":0},"end":{"line":3,"column":36}},"3":{"start":{"line":4,"column":0},"end":{"line":4,"column":31}},"4":{"start":{"line":5,"column":0},"end":{"line":5,"column":38}},"5":{"start":{"line":6,"column":0},"end":{"line":6,"column":5}},"6":{"start":{"line":7,"column":0},"end":{"line":7,"column":25}},"7":{"start":{"line":8,"column":0},"end":{"line":8,"column":95}},"8":{"start":{"line":9,"column":0},"end":{"line":9,"column":45}},"9":{"start":{"line":10,"column":0},"end":{"line":10,"column":9}},"10":{"start":{"line":11,"column":0},"end":{"line":11,"column":52}},"11":{"start":{"line":12,"column":0},"end":{"line":12,"column":21}},"12":{"start":{"line":13,"column":0},"end":{"line":13,"column":51}},"13":{"start":{"line":14,"column":0},"end":{"line":14,"column":9}},"14":{"start":{"line":15,"column":0},"end":{"line":15,"column":24}},"15":{"start":{"line":16,"column":0},"end":{"line":16,"column":54}},"16":{"start":{"line":17,"column":0},"end":{"line":17,"column":9}},"17":{"start":{"line":18,"column":0},"end":{"line":18,"column":46}},"18":{"start":{"line":19,"column":0},"end":{"line":19,"column":47}},"19":{"start":{"line":20,"column":0},"end":{"line":20,"column":5}},"20":{"start":{"line":21,"column":0},"end":{"line":21,"column":1}}},"s":{"0":1,"1":1,"2":1,"3":1,"4":8,"5":8,"6":1,"7":8,"8":4,"9":4,"10":4,"11":8,"12":1,"13":1,"14":8,"15":1,"16":1,"17":2,"18":2,"19":2,"20":1},"branchMap":{"0":{"type":"branch","line":4,"loc":{"start":{"line":4,"column":4},"end":{"line":6,"column":5}},"locations":[{"start":{"line":4,"column":4},"end":{"line":6,"column":5}}]},"1":{"type":"branch","line":7,"loc":{"start":{"line":7,"column":4},"end":{"line":20,"column":5}},"locations":[{"start":{"line":7,"column":4},"end":{"line":20,"column":5}}]},"2":{"type":"branch","line":8,"loc":{"start":{"line":8,"column":12},"end":{"line":8,"column":49}},"locations":[{"start":{"line":8,"column":12},"end":{"line":8,"column":49}}]},"3":{"type":"branch","line":8,"loc":{"start":{"line":8,"column":12},"end":{"line":8,"column":70}},"locations":[{"start":{"line":8,"column":12},"end":{"line":8,"column":70}}]},"4":{"type":"branch","line":8,"loc":{"start":{"line":8,"column":12},"end":{"line":8,"column":94}},"locations":[{"start":{"line":8,"column":12},"end":{"line":8,"column":94}}]},"5":{"type":"branch","line":8,"loc":{"start":{"line":8,"column":94},"end":{"line":12,"column":12}},"locations":[{"start":{"line":8,"column":94},"end":{"line":12,"column":12}}]},"6":{"type":"branch","line":12,"loc":{"start":{"line":12,"column":20},"end":{"line":14,"column":9}},"locations":[{"start":{"line":12,"column":20},"end":{"line":14,"column":9}}]},"7":{"type":"branch","line":15,"loc":{"start":{"line":15,"column":-1},"end":{"line":15,"column":12}},"locations":[{"start":{"line":15,"column":-1},"end":{"line":15,"column":12}}]},"8":{"type":"branch","line":15,"loc":{"start":{"line":15,"column":23},"end":{"line":17,"column":9}},"locations":[{"start":{"line":15,"column":23},"end":{"line":17,"column":9}}]},"9":{"type":"branch","line":18,"loc":{"start":{"line":18,"column":-1},"end":{"line":20,"column":5}},"locations":[{"start":{"line":18,"column":-1},"end":{"line":20,"column":5}}]}},"b":{"0":[8],"1":[8],"2":[7],"3":[6],"4":[5],"5":[4],"6":[1],"7":[3],"8":[1],"9":[2]},"fnMap":{"0":{"name":"LoginRouter","decl":{"start":{"line":4,"column":4},"end":{"line":6,"column":5}},"loc":{"start":{"line":4,"column":4},"end":{"line":6,"column":5}},"line":4},"1":{"name":"route","decl":{"start":{"line":7,"column":4},"end":{"line":20,"column":5}},"loc":{"start":{"line":7,"column":4},"end":{"line":20,"column":5}},"line":7}},"f":{"0":8,"1":8}}
}
