TN:
SF:src/presentation/helpers/http-response.js
FN:5,badRequest
FN:11,serverError
FN:16,unauthorizedError
FN:22,ok
FNF:4
FNH:4
FNDA:2,badRequest
FNDA:4,serverError
FNDA:1,unauthorizedError
FNDA:2,ok
DA:1,1
DA:2,1
DA:3,1
DA:4,1
DA:5,1
DA:6,2
DA:7,2
DA:8,2
DA:9,2
DA:10,2
DA:11,1
DA:12,4
DA:13,4
DA:14,4
DA:15,4
DA:16,1
DA:17,1
DA:18,1
DA:19,1
DA:20,1
DA:21,1
DA:22,1
DA:23,2
DA:24,2
DA:25,2
DA:26,2
DA:27,1
LF:27
LH:27
BRDA:5,0,0,2
BRDA:11,1,0,4
BRDA:16,2,0,1
BRDA:22,3,0,2
BRF:4
BRH:4
end_of_record
TN:
SF:src/presentation/helpers/missing-param-error.js
FN:2,MissingParamError
FNF:1
FNH:1
FNDA:4,MissingParamError
DA:1,1
DA:2,1
DA:3,4
DA:4,4
DA:5,4
DA:6,1
LF:6
LH:6
BRDA:2,0,0,4
BRF:1
BRH:1
end_of_record
TN:
SF:src/presentation/helpers/unauthorized-error.js
FN:2,UnauthorizedError
FNF:1
FNH:1
FNDA:2,UnauthorizedError
DA:1,1
DA:2,1
DA:3,2
DA:4,2
DA:5,2
DA:6,1
LF:6
LH:6
BRDA:2,0,0,2
BRF:1
BRH:1
end_of_record
TN:
SF:src/presentation/routers/login-router.js
FN:4,LoginRouter
FN:7,route
FNF:2
FNH:2
FNDA:9,LoginRouter
FNDA:9,route
DA:1,1
DA:2,1
DA:3,1
DA:4,1
DA:5,9
DA:6,9
DA:7,1
DA:8,9
DA:9,4
DA:10,4
DA:11,5
DA:12,9
DA:13,1
DA:14,1
DA:15,9
DA:16,1
DA:17,1
DA:18,9
DA:19,9
DA:20,1
DA:21,1
DA:22,2
DA:23,2
DA:24,1
LF:24
LH:24
BRDA:4,0,0,9
BRDA:7,1,0,9
BRDA:8,2,0,8
BRDA:8,3,0,7
BRDA:8,4,0,6
BRDA:8,5,0,4
BRDA:11,6,0,5
BRDA:12,7,0,1
BRDA:15,8,0,1
BRDA:19,9,0,1
BRDA:22,10,0,2
BRF:11
BRH:11
end_of_record
