TN:
SF:src/presentation/helpers/http-response.js
FN:6,badRequest
FN:12,serverError
FN:18,unauthorizedError
FN:24,ok
FNF:4
FNH:4
FNDA:3,badRequest
FNDA:7,serverError
FNDA:1,unauthorizedError
FNDA:2,ok
DA:1,1
DA:2,1
DA:3,1
DA:4,1
DA:5,1
DA:6,1
DA:7,3
DA:8,3
DA:9,3
DA:10,3
DA:11,3
DA:12,1
DA:13,7
DA:14,7
DA:15,7
DA:16,7
DA:17,7
DA:18,1
DA:19,1
DA:20,1
DA:21,1
DA:22,1
DA:23,1
DA:24,1
DA:25,2
DA:26,2
DA:27,2
DA:28,2
DA:29,2
DA:30,1
LF:30
LH:30
BRDA:6,0,0,3
BRDA:12,1,0,7
BRDA:18,2,0,1
BRDA:24,3,0,2
BRF:4
BRH:4
end_of_record
TN:
SF:src/presentation/helpers/invalid-param-error.js
FN:2,InvalidParamError
FNF:1
FNH:1
FNDA:2,InvalidParamError
DA:1,1
DA:2,1
DA:3,2
DA:4,2
DA:5,2
DA:6,1
LF:6
LH:6
BRDA:2,0,0,2
BRF:1
BRH:1
end_of_record
TN:
SF:src/presentation/helpers/missing-param-error.js
FN:2,MissingParamError
FNF:1
FNH:1
FNDA:4,MissingParamError
DA:1,1
DA:2,1
DA:3,4
DA:4,4
DA:5,4
DA:6,1
LF:6
LH:6
BRDA:2,0,0,4
BRF:1
BRH:1
end_of_record
TN:
SF:src/presentation/helpers/server-error.js
FN:2,ServerError
FNF:1
FNH:1
FNDA:14,ServerError
DA:1,1
DA:2,1
DA:3,14
DA:4,14
DA:5,14
DA:6,1
LF:6
LH:6
BRDA:2,0,0,14
BRF:1
BRH:1
end_of_record
TN:
SF:src/presentation/helpers/unauthorized-error.js
FN:2,UnauthorizedError
FNF:1
FNH:1
FNDA:2,UnauthorizedError
DA:1,1
DA:2,1
DA:3,2
DA:4,2
DA:5,2
DA:6,1
LF:6
LH:6
BRDA:2,0,0,2
BRF:1
BRH:1
end_of_record
TN:
SF:src/presentation/routers/login-router.js
FN:6,LoginRouter
FN:10,route
FNF:2
FNH:2
FNDA:13,LoginRouter
FNDA:13,route
DA:1,1
DA:2,1
DA:3,1
DA:4,1
DA:5,1
DA:6,1
DA:7,13
DA:8,13
DA:9,13
DA:10,1
DA:11,13
DA:12,13
DA:13,13
DA:14,1
DA:15,1
DA:16,13
DA:17,1
DA:18,1
DA:19,13
DA:20,1
DA:21,1
DA:22,13
DA:23,13
DA:24,1
DA:25,1
DA:26,13
DA:27,13
DA:28,7
DA:29,7
DA:30,13
DA:31,1
LF:31
LH:31
BRDA:6,0,0,13
BRDA:10,1,0,13
BRDA:13,2,0,1
BRDA:16,3,0,1
BRDA:19,4,0,4
BRDA:19,5,0,1
BRDA:23,6,0,1
BRDA:27,7,0,7
BRF:8
BRH:8
end_of_record
